<?xml version="1.0" encoding="UTF-8"?>
<!-- Generated by org.testng.reporters.JUnitXMLReporter -->
<testsuite ignored="0" hostname="Mohammeds-MacBook-Pro.local" failures="0" tests="6" name="Surefire test" time="22.24" errors="0" timestamp="2025-03-13T04:31:50 GST">
  <testcase classname="jpetStore.tests.RegisterationTest" name="registerationTest" time="1.597"/>
  <testcase classname="jpetStore.tests.AddToCartTest" name="addToCart" time="1.686"/>
  <testcase classname="jpetStore.tests.SignInUsingNewRegisteredDataTest" name="signInUsingRegisterationData" time="1.883"/>
  <testcase classname="io.cucumber.testng.AbstractTestNGCucumberTests" name="runScenario" time="3.444"/>
  <testcase classname="io.cucumber.testng.AbstractTestNGCucumberTests" name="runScenario" time="3.462"/>
  <testcase classname="io.cucumber.testng.AbstractTestNGCucumberTests" name="runScenario" time="2.81"/>
</testsuite> <!-- Surefire test -->
