<?xml version="1.0" encoding="UTF-8"?>
<!-- Generated by org.testng.reporters.JUnitXMLReporter -->
<testsuite ignored="0" hostname="Mohammeds-MacBook-Pro.local" failures="2" tests="2" name="Default test" time="7.193" errors="0" timestamp="2025-03-12T15:54:09 GST">
  <testcase classname="io.cucumber.testng.AbstractTestNGCucumberTests" name="runScenario" time="4.461">
    <failure type="java.lang.NullPointerException" message="Cannot invoke &amp;quot;jpetStore.pageobjects.SignInPage.loginApplication(String, String)&amp;quot; because &amp;quot;this.signInPage&amp;quot; is null">
      <![CDATA[java.lang.NullPointerException: Cannot invoke "jpetStore.pageobjects.SignInPage.loginApplication(String, String)" because "this.signInPage" is null
at jpetStore.stepDefinitions.StepDefinitionImpl.I_login_with_username_and_password(StepDefinitionImpl.java:48)
at ✽.I login with username mohamed1123 and password mohaa(file:///Users/mohammedsamir/eclipse-workspace/JpetStoreAutomation/src/test/java/cucumber/AddToCart.feature:10)
]]>
    </failure>
  </testcase> <!-- runScenario -->
  <testcase classname="io.cucumber.testng.AbstractTestNGCucumberTests" name="runScenario" time="2.41">
    <failure type="java.lang.NullPointerException" message="Cannot invoke &amp;quot;jpetStore.pageobjects.SignInPage.loginApplication(String, String)&amp;quot; because &amp;quot;this.signInPage&amp;quot; is null">
      <![CDATA[java.lang.NullPointerException: Cannot invoke "jpetStore.pageobjects.SignInPage.loginApplication(String, String)" because "this.signInPage" is null
at jpetStore.stepDefinitions.StepDefinitionImpl.I_login_with_username_and_password(StepDefinitionImpl.java:48)
at ✽.I login with username mohamed1123 and password mohaa(file:///Users/mohammedsamir/eclipse-workspace/JpetStoreAutomation/src/test/java/cucumber/SignIn.feature:9)
]]>
    </failure>
  </testcase> <!-- runScenario -->
</testsuite> <!-- Default test -->
