<?xml version="1.0" encoding="UTF-8"?>
<testsuite xmlns:xsi="http://www.w3.org/2001/XMLSchema-instance" xsi:noNamespaceSchemaLocation="https://maven.apache.org/surefire/maven-surefire-plugin/xsd/surefire-test-report.xsd" version="3.0.2" name="TestSuite" time="22.45" tests="6" errors="0" skipped="0" failures="0">
  <properties>
[...]
</properties>
  <testcase name="registerationTest" classname="jpetStore.tests.RegisterationTest" time="1.599">
    <system-err><![CDATA[SLF4J(W): No SLF4J providers were found.
SLF4J(W): Defaulting to no-operation (NOP) logger implementation
SLF4J(W): See https://www.slf4j.org/codes.html#noProviders for further details.
]]></system-err>
  </testcase>
  <testcase name="addToCart[{password=1234, username=mohamed1122}](1)" classname="jpetStore.tests.AddToCartTest" time="1.685"/>
  <testcase name="signInUsingRegisterationData" classname="jpetStore.tests.SignInUsingNewRegisteredDataTest" time="1.882"/>
  <testcase name="runScenario[&quot;Positive test of Add To Cart&quot;, &quot;Add to Cart for JpetStore Website&quot;](1)" classname="cucumber.TestNGTestRunner" time="3.446"/>
  <testcase name="runScenario[&quot;Positive test of registeration&quot;, &quot;Registeration For Jpetstore Website&quot;](2)" classname="cucumber.TestNGTestRunner" time="3.461"/>
  <testcase name="runScenario[&quot;Positive test of Signin&quot;, &quot;Signin from Jpetstore&quot;](3)" classname="cucumber.TestNGTestRunner" time="2.813"/>
</testsuite>